This file contains any messages produced by compilers while
running configure, to aid debugging if configure makes a mistake.

It was created by configure, which was
generated by GNU Autoconf 2.61.  Invocation command line was

  $ ./configure --host=arm-linux --with-pcap=linux

## --------- ##
## Platform. ##
## --------- ##

hostname = Lenovo
uname -m = i686
uname -r = 2.6.32-27-generic
uname -s = Linux
uname -v = #49-Ubuntu SMP Wed Dec 1 23:52:12 UTC 2010

/usr/bin/uname -p = unknown
/bin/uname -X     = unknown

/bin/arch              = unknown
/usr/bin/arch -k       = unknown
/usr/convex/getsysinfo = unknown
/usr/bin/hostinfo      = unknown
/bin/machine           = unknown
/usr/bin/oslevel       = unknown
/bin/universe          = unknown

PATH: /usr/local/sbin
PATH: /usr/local/bin
PATH: /usr/sbin
PATH: /usr/bin
PATH: /sbin
PATH: /bin
PATH: /usr/games


## ----------- ##
## Core tests. ##
## ----------- ##

configure:1765: checking build system type
configure:1783: result: i686-pc-linux-gnu
configure:1805: checking host system type
configure:1820: result: arm-unknown-linux-gnu
configure:1842: checking target system type
configure:1857: result: arm-unknown-linux-gnu
configure:1965: checking for arm-linux-gcc
configure:1995: result: no
configure:2005: checking for gcc
configure:2021: found /usr/bin/gcc
configure:2032: result: gcc
configure:2270: checking for C compiler version
configure:2277: gcc --version >&5
gcc (Ubuntu 4.4.3-4ubuntu5) 4.4.3
Copyright (C) 2009 Free Software Foundation, Inc.
This is free software; see the source for copying conditions.  There is NO
warranty; not even for MERCHANTABILITY or FITNESS FOR A PARTICULAR PURPOSE.

configure:2280: $? = 0
configure:2287: gcc -v >&5
Using built-in specs.
Target: i486-linux-gnu
Configured with: ../src/configure -v --with-pkgversion='Ubuntu 4.4.3-4ubuntu5' --with-bugurl=file:///usr/share/doc/gcc-4.4/README.Bugs --enable-languages=c,c++,fortran,objc,obj-c++ --prefix=/usr --enable-shared --enable-multiarch --enable-linker-build-id --with-system-zlib --libexecdir=/usr/lib --without-included-gettext --enable-threads=posix --with-gxx-include-dir=/usr/include/c++/4.4 --program-suffix=-4.4 --enable-nls --enable-clocale=gnu --enable-libstdcxx-debug --enable-plugin --enable-objc-gc --enable-targets=all --disable-werror --with-arch-32=i486 --with-tune=generic --enable-checking=release --build=i486-linux-gnu --host=i486-linux-gnu --target=i486-linux-gnu
Thread model: posix
gcc version 4.4.3 (Ubuntu 4.4.3-4ubuntu5) 
configure:2290: $? = 0
configure:2297: gcc -V >&5
gcc: '-V' option must have argument
configure:2300: $? = 1
configure:2323: checking for C compiler default output file name
configure:2350: gcc    conftest.c  >&5
configure:2353: $? = 0
configure:2391: result: a.out
configure:2408: checking whether the C compiler works
configure:2418: ./a.out
configure:2421: $? = 0
configure:2438: result: yes
configure:2445: checking whether we are cross compiling
configure:2447: result: no
configure:2450: checking for suffix of executables
configure:2457: gcc -o conftest    conftest.c  >&5
configure:2460: $? = 0
configure:2484: result: 
configure:2490: checking for suffix of object files
configure:2516: gcc -c   conftest.c >&5
configure:2519: $? = 0
configure:2542: result: o
configure:2546: checking whether we are using the GNU C compiler
configure:2575: gcc -c   conftest.c >&5
configure:2581: $? = 0
configure:2598: result: yes
configure:2603: checking whether gcc accepts -g
configure:2633: gcc -c -g  conftest.c >&5
configure:2639: $? = 0
configure:2738: result: yes
configure:2755: checking for gcc option to accept ISO C89
configure:2829: gcc  -c -g -O2  conftest.c >&5
configure:2835: $? = 0
configure:2858: result: none needed
configure:2881: checking gcc version
configure:2893: result: 4
configure:3103: checking for inline
configure:3149: gcc -c -O2  conftest.c >&5
configure:3155: $? = 0
configure:3180: result: inline
configure:3192: checking for __attribute__
configure:3228: gcc -c -g -O2  conftest.c >&5
configure:3234: $? = 0
configure:3260: result: yes
configure:3264: checking for u_int8_t using gcc
configure:3296: gcc -c -g -O2  conftest.c >&5
configure:3302: $? = 0
configure:3318: result: yes
configure:3327: checking for u_int16_t using gcc
configure:3359: gcc -c -g -O2  conftest.c >&5
configure:3365: $? = 0
configure:3381: result: yes
configure:3390: checking for u_int32_t using gcc
configure:3422: gcc -c -g -O2  conftest.c >&5
configure:3428: $? = 0
configure:3444: result: yes
configure:3459: checking how to run the C preprocessor
configure:3499: gcc -E  conftest.c
configure:3505: $? = 0
configure:3536: gcc -E  conftest.c
conftest.c:10:28: error: ac_nonexistent.h: No such file or directory
configure:3542: $? = 1
configure: failed program was:
| /* confdefs.h.  */
| #define PACKAGE_NAME ""
| #define PACKAGE_TARNAME ""
| #define PACKAGE_VERSION ""
| #define PACKAGE_STRING ""
| #define PACKAGE_BUGREPORT ""
| #define inline inline
| #define HAVE___ATTRIBUTE__ 1
| /* end confdefs.h.  */
| #include <ac_nonexistent.h>
configure:3575: result: gcc -E
configure:3604: gcc -E  conftest.c
configure:3610: $? = 0
configure:3641: gcc -E  conftest.c
conftest.c:10:28: error: ac_nonexistent.h: No such file or directory
configure:3647: $? = 1
configure: failed program was:
| /* confdefs.h.  */
| #define PACKAGE_NAME ""
| #define PACKAGE_TARNAME ""
| #define PACKAGE_VERSION ""
| #define PACKAGE_STRING ""
| #define PACKAGE_BUGREPORT ""
| #define inline inline
| #define HAVE___ATTRIBUTE__ 1
| /* end confdefs.h.  */
| #include <ac_nonexistent.h>
configure:3685: checking for grep that handles long lines and -e
configure:3759: result: /bin/grep
configure:3764: checking for egrep
configure:3842: result: /bin/grep -E
configure:3847: checking for ANSI C header files
configure:3877: gcc -c -g -O2  conftest.c >&5
configure:3883: $? = 0
configure:3982: gcc -o conftest -g -O2   conftest.c  >&5
configure:3985: $? = 0
configure:3991: ./conftest
configure:3994: $? = 0
configure:4011: result: yes
configure:4035: checking for sys/types.h
configure:4056: gcc -c -g -O2  conftest.c >&5
configure:4062: $? = 0
configure:4078: result: yes
configure:4035: checking for sys/stat.h
configure:4056: gcc -c -g -O2  conftest.c >&5
configure:4062: $? = 0
configure:4078: result: yes
configure:4035: checking for stdlib.h
configure:4056: gcc -c -g -O2  conftest.c >&5
configure:4062: $? = 0
configure:4078: result: yes
configure:4035: checking for string.h
configure:4056: gcc -c -g -O2  conftest.c >&5
configure:4062: $? = 0
configure:4078: result: yes
configure:4035: checking for memory.h
configure:4056: gcc -c -g -O2  conftest.c >&5
configure:4062: $? = 0
configure:4078: result: yes
configure:4035: checking for strings.h
configure:4056: gcc -c -g -O2  conftest.c >&5
configure:4062: $? = 0
configure:4078: result: yes
configure:4035: checking for inttypes.h
configure:4056: gcc -c -g -O2  conftest.c >&5
configure:4062: $? = 0
configure:4078: result: yes
configure:4035: checking for stdint.h
configure:4056: gcc -c -g -O2  conftest.c >&5
configure:4062: $? = 0
configure:4078: result: yes
configure:4035: checking for unistd.h
configure:4056: gcc -c -g -O2  conftest.c >&5
configure:4062: $? = 0
configure:4078: result: yes
configure:4108: checking sys/ioccom.h usability
configure:4125: gcc -c -g -O2  conftest.c >&5
conftest.c:53:24: error: sys/ioccom.h: No such file or directory
configure:4131: $? = 1
configure: failed program was:
| /* confdefs.h.  */
| #define PACKAGE_NAME ""
| #define PACKAGE_TARNAME ""
| #define PACKAGE_VERSION ""
| #define PACKAGE_STRING ""
| #define PACKAGE_BUGREPORT ""
| #define inline inline
| #define HAVE___ATTRIBUTE__ 1
| #define STDC_HEADERS 1
| #define HAVE_SYS_TYPES_H 1
| #define HAVE_SYS_STAT_H 1
| #define HAVE_STDLIB_H 1
| #define HAVE_STRING_H 1
| #define HAVE_MEMORY_H 1
| #define HAVE_STRINGS_H 1
| #define HAVE_INTTYPES_H 1
| #define HAVE_STDINT_H 1
| #define HAVE_UNISTD_H 1
| /* end confdefs.h.  */
| #include <stdio.h>
| #ifdef HAVE_SYS_TYPES_H
| # include <sys/types.h>
| #endif
| #ifdef HAVE_SYS_STAT_H
| # include <sys/stat.h>
| #endif
| #ifdef STDC_HEADERS
| # include <stdlib.h>
| # include <stddef.h>
| #else
| # ifdef HAVE_STDLIB_H
| #  include <stdlib.h>
| # endif
| #endif
| #ifdef HAVE_STRING_H
| # if !defined STDC_HEADERS && defined HAVE_MEMORY_H
| #  include <memory.h>
| # endif
| # include <string.h>
| #endif
| #ifdef HAVE_STRINGS_H
| # include <strings.h>
| #endif
| #ifdef HAVE_INTTYPES_H
| # include <inttypes.h>
| #endif
| #ifdef HAVE_STDINT_H
| # include <stdint.h>
| #endif
| #ifdef HAVE_UNISTD_H
| # include <unistd.h>
| #endif
| #include <sys/ioccom.h>
configure:4145: result: no
configure:4149: checking sys/ioccom.h presence
configure:4164: gcc -E  conftest.c
conftest.c:20:24: error: sys/ioccom.h: No such file or directory
configure:4170: $? = 1
configure: failed program was:
| /* confdefs.h.  */
| #define PACKAGE_NAME ""
| #define PACKAGE_TARNAME ""
| #define PACKAGE_VERSION ""
| #define PACKAGE_STRING ""
| #define PACKAGE_BUGREPORT ""
| #define inline inline
| #define HAVE___ATTRIBUTE__ 1
| #define STDC_HEADERS 1
| #define HAVE_SYS_TYPES_H 1
| #define HAVE_SYS_STAT_H 1
| #define HAVE_STDLIB_H 1
| #define HAVE_STRING_H 1
| #define HAVE_MEMORY_H 1
| #define HAVE_STRINGS_H 1
| #define HAVE_INTTYPES_H 1
| #define HAVE_STDINT_H 1
| #define HAVE_UNISTD_H 1
| /* end confdefs.h.  */
| #include <sys/ioccom.h>
configure:4184: result: no
configure:4212: checking for sys/ioccom.h
configure:4220: result: no
configure:4108: checking sys/sockio.h usability
configure:4125: gcc -c -g -O2  conftest.c >&5
conftest.c:53:24: error: sys/sockio.h: No such file or directory
configure:4131: $? = 1
configure: failed program was:
| /* confdefs.h.  */
| #define PACKAGE_NAME ""
| #define PACKAGE_TARNAME ""
| #define PACKAGE_VERSION ""
| #define PACKAGE_STRING ""
| #define PACKAGE_BUGREPORT ""
| #define inline inline
| #define HAVE___ATTRIBUTE__ 1
| #define STDC_HEADERS 1
| #define HAVE_SYS_TYPES_H 1
| #define HAVE_SYS_STAT_H 1
| #define HAVE_STDLIB_H 1
| #define HAVE_STRING_H 1
| #define HAVE_MEMORY_H 1
| #define HAVE_STRINGS_H 1
| #define HAVE_INTTYPES_H 1
| #define HAVE_STDINT_H 1
| #define HAVE_UNISTD_H 1
| /* end confdefs.h.  */
| #include <stdio.h>
| #ifdef HAVE_SYS_TYPES_H
| # include <sys/types.h>
| #endif
| #ifdef HAVE_SYS_STAT_H
| # include <sys/stat.h>
| #endif
| #ifdef STDC_HEADERS
| # include <stdlib.h>
| # include <stddef.h>
| #else
| # ifdef HAVE_STDLIB_H
| #  include <stdlib.h>
| # endif
| #endif
| #ifdef HAVE_STRING_H
| # if !defined STDC_HEADERS && defined HAVE_MEMORY_H
| #  include <memory.h>
| # endif
| # include <string.h>
| #endif
| #ifdef HAVE_STRINGS_H
| # include <strings.h>
| #endif
| #ifdef HAVE_INTTYPES_H
| # include <inttypes.h>
| #endif
| #ifdef HAVE_STDINT_H
| # include <stdint.h>
| #endif
| #ifdef HAVE_UNISTD_H
| # include <unistd.h>
| #endif
| #include <sys/sockio.h>
configure:4145: result: no
configure:4149: checking sys/sockio.h presence
configure:4164: gcc -E  conftest.c
conftest.c:20:24: error: sys/sockio.h: No such file or directory
configure:4170: $? = 1
configure: failed program was:
| /* confdefs.h.  */
| #define PACKAGE_NAME ""
| #define PACKAGE_TARNAME ""
| #define PACKAGE_VERSION ""
| #define PACKAGE_STRING ""
| #define PACKAGE_BUGREPORT ""
| #define inline inline
| #define HAVE___ATTRIBUTE__ 1
| #define STDC_HEADERS 1
| #define HAVE_SYS_TYPES_H 1
| #define HAVE_SYS_STAT_H 1
| #define HAVE_STDLIB_H 1
| #define HAVE_STRING_H 1
| #define HAVE_MEMORY_H 1
| #define HAVE_STRINGS_H 1
| #define HAVE_INTTYPES_H 1
| #define HAVE_STDINT_H 1
| #define HAVE_UNISTD_H 1
| /* end confdefs.h.  */
| #include <sys/sockio.h>
configure:4184: result: no
configure:4212: checking for sys/sockio.h
configure:4220: result: no
configure:4108: checking limits.h usability
configure:4125: gcc -c -g -O2  conftest.c >&5
configure:4131: $? = 0
configure:4145: result: yes
configure:4149: checking limits.h presence
configure:4164: gcc -E  conftest.c
configure:4170: $? = 0
configure:4184: result: yes
configure:4212: checking for limits.h
configure:4220: result: yes
configure:4108: checking paths.h usability
configure:4125: gcc -c -g -O2  conftest.c >&5
configure:4131: $? = 0
configure:4145: result: yes
configure:4149: checking paths.h presence
configure:4164: gcc -E  conftest.c
configure:4170: $? = 0
configure:4184: result: yes
configure:4212: checking for paths.h
configure:4220: result: yes
configure:4237: checking for net/pfvar.h
configure:4260: gcc -c -g -O2  conftest.c >&5
conftest.c:26:23: error: net/pfvar.h: No such file or directory
configure:4266: $? = 1
configure: failed program was:
| /* confdefs.h.  */
| #define PACKAGE_NAME ""
| #define PACKAGE_TARNAME ""
| #define PACKAGE_VERSION ""
| #define PACKAGE_STRING ""
| #define PACKAGE_BUGREPORT ""
| #define inline inline
| #define HAVE___ATTRIBUTE__ 1
| #define STDC_HEADERS 1
| #define HAVE_SYS_TYPES_H 1
| #define HAVE_SYS_STAT_H 1
| #define HAVE_STDLIB_H 1
| #define HAVE_STRING_H 1
| #define HAVE_MEMORY_H 1
| #define HAVE_STRINGS_H 1
| #define HAVE_INTTYPES_H 1
| #define HAVE_STDINT_H 1
| #define HAVE_UNISTD_H 1
| #define HAVE_LIMITS_H 1
| #define HAVE_PATHS_H 1
| /* end confdefs.h.  */
| #include <sys/types.h>
| #include <sys/socket.h>
| #include <net/if.h>
| 
| #include <net/pfvar.h>
configure:4282: result: no
configure:4297: checking for netinet/if_ether.h
configure:4319: gcc -c -g -O2  conftest.c >&5
configure:4325: $? = 0
configure:4341: result: yes
configure:4429: checking for ANSI ioctl definitions
configure:4467: gcc -c -g -O2  conftest.c >&5
configure:4473: $? = 0
configure:4489: result: yes
configure:4505: checking for strerror
configure:4561: gcc -o conftest -g -O2   conftest.c  >&5
configure:4567: $? = 0
configure:4585: result: yes
configure:4505: checking for strlcpy
configure:4561: gcc -o conftest -g -O2   conftest.c  >&5
/tmp/ccMExmge.o: In function `main':
/home/aravind/CSC705/Project/android-platform_external_libpcap-f341270/jni/conftest.c:58: undefined reference to `strlcpy'
collect2: ld returned 1 exit status
configure:4567: $? = 1
configure: failed program was:
| /* confdefs.h.  */
| #define PACKAGE_NAME ""
| #define PACKAGE_TARNAME ""
| #define PACKAGE_VERSION ""
| #define PACKAGE_STRING ""
| #define PACKAGE_BUGREPORT ""
| #define inline inline
| #define HAVE___ATTRIBUTE__ 1
| #define STDC_HEADERS 1
| #define HAVE_SYS_TYPES_H 1
| #define HAVE_SYS_STAT_H 1
| #define HAVE_STDLIB_H 1
| #define HAVE_STRING_H 1
| #define HAVE_MEMORY_H 1
| #define HAVE_STRINGS_H 1
| #define HAVE_INTTYPES_H 1
| #define HAVE_STDINT_H 1
| #define HAVE_UNISTD_H 1
| #define HAVE_LIMITS_H 1
| #define HAVE_PATHS_H 1
| #define HAVE_NETINET_IF_ETHER_H 1
| #define HAVE_STRERROR 1
| /* end confdefs.h.  */
| /* Define strlcpy to an innocuous variant, in case <limits.h> declares strlcpy.
|    For example, HP-UX 11i <limits.h> declares gettimeofday.  */
| #define strlcpy innocuous_strlcpy
| 
| /* System header to define __stub macros and hopefully few prototypes,
|     which can conflict with char strlcpy (); below.
|     Prefer <limits.h> to <assert.h> if __STDC__ is defined, since
|     <limits.h> exists even on freestanding compilers.  */
| 
| #ifdef __STDC__
| # include <limits.h>
| #else
| # include <assert.h>
| #endif
| 
| #undef strlcpy
| 
| /* Override any GCC internal prototype to avoid an error.
|    Use char because int might match the return type of a GCC
|    builtin and then its argument prototype would still apply.  */
| #ifdef __cplusplus
| extern "C"
| #endif
| char strlcpy ();
| /* The GNU C library defines this for functions which it implements
|     to always fail with ENOSYS.  Some functions are actually named
|     something starting with __ and the normal name is an alias.  */
| #if defined __stub_strlcpy || defined __stub___strlcpy
| choke me
| #endif
| 
| int
| main ()
| {
| return strlcpy ();
|   ;
|   return 0;
| }
configure:4585: result: no
configure:4602: checking for vsnprintf
configure:4658: gcc -o conftest -g -O2   conftest.c  >&5
conftest.c:47: warning: conflicting types for built-in function 'vsnprintf'
configure:4664: $? = 0
configure:4682: result: yes
configure:4602: checking for snprintf
configure:4658: gcc -o conftest -g -O2   conftest.c  >&5
conftest.c:48: warning: conflicting types for built-in function 'snprintf'
configure:4664: $? = 0
configure:4682: result: yes
configure:4712: checking for library containing gethostbyname
configure:4753: gcc -o conftest -g -O2   conftest.c  >&5
configure:4759: $? = 0
configure:4787: result: none required
configure:4865: checking for library containing socket
configure:4906: gcc -o conftest -g -O2   conftest.c  >&5
configure:4912: $? = 0
configure:4940: result: none required
configure:5015: checking for library containing putmsg
configure:5056: gcc -o conftest -g -O2   conftest.c  >&5
configure:5062: $? = 0
configure:5090: result: none required
configure:5115: checking for ether_hostton
configure:5171: gcc -o conftest -g -O2   conftest.c  >&5
configure:5177: $? = 0
configure:5195: result: yes
configure:5213: checking whether ether_hostton is declared
configure:5252: gcc -c -g -O2  conftest.c >&5
conftest.c: In function 'main':
conftest.c:42: error: 'ether_hostton' undeclared (first use in this function)
conftest.c:42: error: (Each undeclared identifier is reported only once
conftest.c:42: error: for each function it appears in.)
configure:5258: $? = 1
configure: failed program was:
| /* confdefs.h.  */
| #define PACKAGE_NAME ""
| #define PACKAGE_TARNAME ""
| #define PACKAGE_VERSION ""
| #define PACKAGE_STRING ""
| #define PACKAGE_BUGREPORT ""
| #define inline inline
| #define HAVE___ATTRIBUTE__ 1
| #define STDC_HEADERS 1
| #define HAVE_SYS_TYPES_H 1
| #define HAVE_SYS_STAT_H 1
| #define HAVE_STDLIB_H 1
| #define HAVE_STRING_H 1
| #define HAVE_MEMORY_H 1
| #define HAVE_STRINGS_H 1
| #define HAVE_INTTYPES_H 1
| #define HAVE_STDINT_H 1
| #define HAVE_UNISTD_H 1
| #define HAVE_LIMITS_H 1
| #define HAVE_PATHS_H 1
| #define HAVE_NETINET_IF_ETHER_H 1
| #define HAVE_STRERROR 1
| #define HAVE_VSNPRINTF 1
| #define HAVE_SNPRINTF 1
| #define HAVE_ETHER_HOSTTON 1
| /* end confdefs.h.  */
| 
| #include <sys/types.h>
| #include <sys/socket.h>
| #include <netinet/in.h>
| #include <arpa/inet.h>
| struct mbuf;
| struct rtentry;
| #include <net/if.h>
| #include <netinet/if_ether.h>
| 
| 
| int
| main ()
| {
| #ifndef ether_hostton
|   (void) ether_hostton;
| #endif
| 
|   ;
|   return 0;
| }
configure:5273: result: no
configure:5308: checking netinet/ether.h usability
configure:5325: gcc -c -g -O2  conftest.c >&5
configure:5331: $? = 0
configure:5345: result: yes
configure:5349: checking netinet/ether.h presence
configure:5364: gcc -E  conftest.c
configure:5370: $? = 0
configure:5384: result: yes
configure:5412: checking for netinet/ether.h
configure:5420: result: yes
configure:5441: checking whether ether_hostton is declared
configure:5473: gcc -c -g -O2  conftest.c >&5
configure:5479: $? = 0
configure:5494: result: yes
configure:5602: checking if --disable-protochain option is specified
configure:5622: result: enabled
configure:5636: checking packet capture type
configure:5682: result: linux
configure:5693: checking for getifaddrs
configure:5749: gcc -o conftest -g -O2   conftest.c  >&5
configure:5755: $? = 0
configure:5772: result: yes
configure:5790: checking ifaddrs.h usability
configure:5807: gcc -c -g -O2  conftest.c >&5
configure:5813: $? = 0
configure:5827: result: yes
configure:5831: checking ifaddrs.h presence
configure:5846: gcc -E  conftest.c
configure:5852: $? = 0
configure:5866: result: yes
configure:5894: checking for ifaddrs.h
configure:5901: result: yes
configure:6025: checking if --enable-ipv6 option is specified
configure:6039: result: no
configure:6042: checking whether to build optimizer debugging code
configure:6056: result: no
configure:6059: checking whether to build parser debugging code
configure:6073: result: no
configure:6252: checking Linux kernel version
configure:6270: result: 2
configure:6282: checking if if_packet.h has tpacket_stats defined
configure:6309: gcc -c -g -O2  conftest.c >&5
configure:6315: $? = 0
configure:6331: result: yes
configure:6359: checking whether we have /proc/net/dev
configure:6373: result: yes
configure:6454: checking whether we have DAG API headers
configure:6477: result: no (/usr/local/include)
configure:6827: checking whether we have Septel API
configure:6852: result: no
configure:6895: checking for flex
configure:6911: found /usr/bin/flex
configure:6922: result: flex
configure:6937: checking for flex 2.4 or higher
configure:6949: result: yes
configure:6965: checking for bison
configure:6981: found /usr/bin/bison
configure:6992: result: bison
configure:7162: checking for arm-linux-ranlib
configure:7192: result: no
configure:7202: checking for ranlib
configure:7218: found /usr/bin/ranlib
configure:7229: result: ranlib
configure:7297: checking if sockaddr struct has sa_len member
configure:7325: gcc -c -g -O2  conftest.c >&5
conftest.c: In function 'main':
conftest.c:38: error: 'struct sockaddr' has no member named 'sa_len'
configure:7331: $? = 1
configure: failed program was:
| /* confdefs.h.  */
| #define PACKAGE_NAME ""
| #define PACKAGE_TARNAME ""
| #define PACKAGE_VERSION ""
| #define PACKAGE_STRING ""
| #define PACKAGE_BUGREPORT ""
| #define inline inline
| #define HAVE___ATTRIBUTE__ 1
| #define STDC_HEADERS 1
| #define HAVE_SYS_TYPES_H 1
| #define HAVE_SYS_STAT_H 1
| #define HAVE_STDLIB_H 1
| #define HAVE_STRING_H 1
| #define HAVE_MEMORY_H 1
| #define HAVE_STRINGS_H 1
| #define HAVE_INTTYPES_H 1
| #define HAVE_STDINT_H 1
| #define HAVE_UNISTD_H 1
| #define HAVE_LIMITS_H 1
| #define HAVE_PATHS_H 1
| #define HAVE_NETINET_IF_ETHER_H 1
| #define HAVE_STRERROR 1
| #define HAVE_VSNPRINTF 1
| #define HAVE_SNPRINTF 1
| #define HAVE_ETHER_HOSTTON 1
| #define HAVE_NETINET_ETHER_H 1
| #define NETINET_ETHER_H_DECLARES_ETHER_HOSTTON
| #define HAVE_DECL_ETHER_HOSTTON 1
| #define HAVE_TPACKET_STATS 1
| #define HAVE_PROC_NET_DEV 1
| /* end confdefs.h.  */
| 
| #	include <sys/types.h>
| #	include <sys/socket.h>
| int
| main ()
| {
| u_int i = sizeof(((struct sockaddr *)0)->sa_len)
|   ;
|   return 0;
| }
configure:7347: result: no
configure:7357: checking if sockaddr_storage struct exists
configure:7385: gcc -c -g -O2  conftest.c >&5
configure:7391: $? = 0
configure:7407: result: yes
configure:7417: checking if dl_hp_ppa_info_t struct has dl_module_id_1 member
configure:7446: gcc -c -g -O2  conftest.c >&5
conftest.c:35:23: error: sys/dlpi.h: No such file or directory
conftest.c:36:27: error: sys/dlpi_ext.h: No such file or directory
conftest.c: In function 'main':
conftest.c:40: error: 'dl_hp_ppa_info_t' undeclared (first use in this function)
conftest.c:40: error: (Each undeclared identifier is reported only once
conftest.c:40: error: for each function it appears in.)
conftest.c:40: error: expected expression before ')' token
configure:7452: $? = 1
configure: failed program was:
| /* confdefs.h.  */
| #define PACKAGE_NAME ""
| #define PACKAGE_TARNAME ""
| #define PACKAGE_VERSION ""
| #define PACKAGE_STRING ""
| #define PACKAGE_BUGREPORT ""
| #define inline inline
| #define HAVE___ATTRIBUTE__ 1
| #define STDC_HEADERS 1
| #define HAVE_SYS_TYPES_H 1
| #define HAVE_SYS_STAT_H 1
| #define HAVE_STDLIB_H 1
| #define HAVE_STRING_H 1
| #define HAVE_MEMORY_H 1
| #define HAVE_STRINGS_H 1
| #define HAVE_INTTYPES_H 1
| #define HAVE_STDINT_H 1
| #define HAVE_UNISTD_H 1
| #define HAVE_LIMITS_H 1
| #define HAVE_PATHS_H 1
| #define HAVE_NETINET_IF_ETHER_H 1
| #define HAVE_STRERROR 1
| #define HAVE_VSNPRINTF 1
| #define HAVE_SNPRINTF 1
| #define HAVE_ETHER_HOSTTON 1
| #define HAVE_NETINET_ETHER_H 1
| #define NETINET_ETHER_H_DECLARES_ETHER_HOSTTON
| #define HAVE_DECL_ETHER_HOSTTON 1
| #define HAVE_TPACKET_STATS 1
| #define HAVE_PROC_NET_DEV 1
| #define HAVE_SOCKADDR_STORAGE 1
| /* end confdefs.h.  */
| 
| #	include <sys/types.h>
| #	include <sys/dlpi.h>
| #	include <sys/dlpi_ext.h>
| int
| main ()
| {
| u_int i = sizeof(((dl_hp_ppa_info_t *)0)->dl_module_id_1)
|   ;
|   return 0;
| }
configure:7468: result: no
configure:7478: checking if unaligned accesses fail
configure:7565: result: yes
configure:7614: checking for a BSD-compatible install
configure:7670: result: /usr/bin/install -c
configure:7787: creating ./config.status

## ---------------------- ##
## Running config.status. ##
## ---------------------- ##

This file was extended by config.status, which was
generated by GNU Autoconf 2.61.  Invocation command line was

  CONFIG_FILES    = 
  CONFIG_HEADERS  = 
  CONFIG_LINKS    = 
  CONFIG_COMMANDS = 
  $ ./config.status 

on Lenovo

config.status:621: creating Makefile
config.status:756: WARNING:  Makefile.in seems to ignore the --datarootdir setting
config.status:621: creating config.h
config.status:856: config.h is unchanged

## ---------------- ##
## Cache variables. ##
## ---------------- ##

ac_cv___attribute__=yes
ac_cv_build=i686-pc-linux-gnu
ac_cv_c_compiler_gnu=yes
ac_cv_env_CC_set=
ac_cv_env_CC_value=
ac_cv_env_CFLAGS_set=
ac_cv_env_CFLAGS_value=
ac_cv_env_CPPFLAGS_set=
ac_cv_env_CPPFLAGS_value=
ac_cv_env_CPP_set=
ac_cv_env_CPP_value=
ac_cv_env_LDFLAGS_set=
ac_cv_env_LDFLAGS_value=
ac_cv_env_LIBS_set=
ac_cv_env_LIBS_value=
ac_cv_env_build_alias_set=
ac_cv_env_build_alias_value=
ac_cv_env_host_alias_set=set
ac_cv_env_host_alias_value=arm-linux
ac_cv_env_target_alias_set=
ac_cv_env_target_alias_value=
ac_cv_func_ether_hostton=yes
ac_cv_func_getifaddrs=yes
ac_cv_func_snprintf=yes
ac_cv_func_strerror=yes
ac_cv_func_strlcpy=no
ac_cv_func_vsnprintf=yes
ac_cv_have_decl_ether_hostton=yes
ac_cv_header_ifaddrs_h=yes
ac_cv_header_inttypes_h=yes
ac_cv_header_limits_h=yes
ac_cv_header_memory_h=yes
ac_cv_header_net_pfvar_h=no
ac_cv_header_netinet_ether_h=yes
ac_cv_header_netinet_if_ether_h=yes
ac_cv_header_paths_h=yes
ac_cv_header_stdc=yes
ac_cv_header_stdint_h=yes
ac_cv_header_stdlib_h=yes
ac_cv_header_string_h=yes
ac_cv_header_strings_h=yes
ac_cv_header_sys_ioccom_h=no
ac_cv_header_sys_sockio_h=no
ac_cv_header_sys_stat_h=yes
ac_cv_header_sys_types_h=yes
ac_cv_header_unistd_h=yes
ac_cv_host=arm-unknown-linux-gnu
ac_cv_lbl_dag_api=no
ac_cv_lbl_dl_hp_ppa_info_t_has_dl_module_id_1=no
ac_cv_lbl_flex_v24=yes
ac_cv_lbl_gcc_fixincludes=yes
ac_cv_lbl_gcc_vers=4
ac_cv_lbl_has_sockaddr_storage=yes
ac_cv_lbl_have_u_int16_t=yes
ac_cv_lbl_have_u_int32_t=yes
ac_cv_lbl_have_u_int8_t=yes
ac_cv_lbl_inline=inline
ac_cv_lbl_proc_net_dev=yes
ac_cv_lbl_septel_api=no
ac_cv_lbl_sockaddr_has_sa_len=no
ac_cv_lbl_tpacket_stats=yes
ac_cv_lbl_unaligned_fail=yes
ac_cv_linux_vers=2
ac_cv_objext=o
ac_cv_path_EGREP='/bin/grep -E'
ac_cv_path_GREP=/bin/grep
ac_cv_path_install='/usr/bin/install -c'
ac_cv_prog_CPP='gcc -E'
ac_cv_prog_V_LEX=flex
ac_cv_prog_V_YACC=bison
ac_cv_prog_ac_ct_CC=gcc
ac_cv_prog_ac_ct_RANLIB=ranlib
ac_cv_prog_cc_c89=
ac_cv_prog_cc_g=yes
ac_cv_search_gethostbyname='none required'
ac_cv_search_putmsg='none required'
ac_cv_search_socket='none required'
ac_cv_target=arm-unknown-linux-gnu

## ----------------- ##
## Output variables. ##
## ----------------- ##

CC='gcc'
CFLAGS='-g -O2'
CPP='gcc -E'
CPPFLAGS=''
DAGLIBS=''
DEFS='-DHAVE_CONFIG_H'
DYEXT='so'
ECHO_C=''
ECHO_N='-n'
ECHO_T=''
EGREP='/bin/grep -E'
EXEEXT=''
GREP='/bin/grep'
INSTALL_DATA='${INSTALL} -m 644'
INSTALL_PROGRAM='${INSTALL}'
INSTALL_SCRIPT='${INSTALL}'
LDFLAGS=''
LIBOBJS=''
LIBS=''
LTLIBOBJS=''
OBJEXT='o'
PACKAGE_BUGREPORT=''
PACKAGE_NAME=''
PACKAGE_STRING=''
PACKAGE_TARNAME=''
PACKAGE_VERSION=''
PATH_SEPARATOR=':'
RANLIB='ranlib'
SHELL='/bin/bash'
SHLICC2=''
SSRC=''
V_CCOPT='-O2 -fPIC'
V_DEFS=' -D_U_="__attribute__((unused))"'
V_FINDALLDEVS='getad'
V_INCLS=''
V_LEX='flex -Ppcap_'
V_LIBS=''
V_PCAP='linux'
V_RANLIB=''
V_YACC='bison -y -p pcap_'
ac_ct_CC='gcc'
bindir='${exec_prefix}/bin'
build='i686-pc-linux-gnu'
build_alias=''
build_cpu='i686'
build_os='linux-gnu'
build_vendor='pc'
datadir='${datarootdir}'
datarootdir='${prefix}/share'
docdir='${datarootdir}/doc/${PACKAGE}'
dvidir='${docdir}'
exec_prefix='${prefix}'
host='arm-unknown-linux-gnu'
host_alias='arm-linux'
host_cpu='arm'
host_os='linux-gnu'
host_vendor='unknown'
htmldir='${docdir}'
includedir='${prefix}/include'
infodir='${datarootdir}/info'
libdir='${exec_prefix}/lib'
libexecdir='${exec_prefix}/libexec'
localedir='${datarootdir}/locale'
localstatedir='${prefix}/var'
mandir='${datarootdir}/man'
oldincludedir='/usr/include'
pdfdir='${docdir}'
prefix='/usr/local'
program_transform_name='s,x,x,'
psdir='${docdir}'
sbindir='${exec_prefix}/sbin'
sharedstatedir='${prefix}/com'
sysconfdir='${prefix}/etc'
target='arm-unknown-linux-gnu'
target_alias=''
target_cpu='arm'
target_os='linux-gnu'
target_vendor='unknown'

## ----------- ##
## confdefs.h. ##
## ----------- ##

#define PACKAGE_NAME ""
#define PACKAGE_TARNAME ""
#define PACKAGE_VERSION ""
#define PACKAGE_STRING ""
#define PACKAGE_BUGREPORT ""
#define inline inline
#define HAVE___ATTRIBUTE__ 1
#define STDC_HEADERS 1
#define HAVE_SYS_TYPES_H 1
#define HAVE_SYS_STAT_H 1
#define HAVE_STDLIB_H 1
#define HAVE_STRING_H 1
#define HAVE_MEMORY_H 1
#define HAVE_STRINGS_H 1
#define HAVE_INTTYPES_H 1
#define HAVE_STDINT_H 1
#define HAVE_UNISTD_H 1
#define HAVE_LIMITS_H 1
#define HAVE_PATHS_H 1
#define HAVE_NETINET_IF_ETHER_H 1
#define HAVE_STRERROR 1
#define HAVE_VSNPRINTF 1
#define HAVE_SNPRINTF 1
#define HAVE_ETHER_HOSTTON 1
#define HAVE_NETINET_ETHER_H 1
#define NETINET_ETHER_H_DECLARES_ETHER_HOSTTON
#define HAVE_DECL_ETHER_HOSTTON 1
#define HAVE_TPACKET_STATS 1
#define HAVE_PROC_NET_DEV 1
#define HAVE_SOCKADDR_STORAGE 1
#define LBL_ALIGN 1
#define HAVE_VERSION_H 1

configure: exit 0
